INFO:sim:172 - Generating IP...
Applying current project options...
Finished applying current project options.
WARNING:sim - A core named 'InstRom' already exists in the project. Output
   products for this core may be overwritten.
Resolving generics for 'InstRom'...
WARNING:sim - A core named 'InstRom' already exists in the project. Output
   products for this core may be overwritten.
Applying external generics to 'InstRom'...
Delivering associated files for 'InstRom'...
Delivering EJava files for 'InstRom'...
Generating implementation netlist for 'InstRom'...
INFO:sim - Pre-processing HDL files for 'InstRom'...
Running synthesis for 'InstRom'
Running ngcbuild...
Writing VEO instantiation template for 'InstRom'...
Writing Verilog behavioral simulation model for 'InstRom'...
WARNING:sim - Overwriting existing file D:/Files built by Me/Computer
   Organization
   Lab/Lab7_2.0/ipcore_dir/tmp/_cg/InstRom/doc/dist_mem_gen_v7_2_vinfo.html with
   file from view xilinx_documentation
Delivered 2 files into directory D:/Files built by Me/Computer Organization
Lab/Lab7_2.0/ipcore_dir/tmp/_cg/InstRom
Generating ASY schematic symbol...
INFO:sim:949 - Finished generation of ASY schematic symbol.
Generating SYM schematic symbol for 'InstRom'...
Generating metadata file...
Regenerating ISE project file for 'InstRom'...
Generating ISE project...
XCO file found: InstRom.xco
XMDF file found: InstRom_xmdf.tcl
Adding D:/Files built by Me/Computer Organization
Lab/Lab7_2.0/ipcore_dir/tmp/_cg/InstRom.asy -view all -origin_type imported
Adding D:/Files built by Me/Computer Organization
Lab/Lab7_2.0/ipcore_dir/tmp/_cg/InstRom.ngc -view all -origin_type created
Checking file "D:/Files built by Me/Computer Organization
Lab/Lab7_2.0/ipcore_dir/tmp/_cg/InstRom.ngc" for project device match ...
File "D:/Files built by Me/Computer Organization
Lab/Lab7_2.0/ipcore_dir/tmp/_cg/InstRom.ngc" device information matches project
device.
Adding D:/Files built by Me/Computer Organization
Lab/Lab7_2.0/ipcore_dir/tmp/_cg/InstRom.sym -view all -origin_type imported
Adding D:/Files built by Me/Computer Organization
Lab/Lab7_2.0/ipcore_dir/tmp/_cg/InstRom.v -view all -origin_type created
INFO:HDLCompiler:1845 - Analyzing Verilog file "D:/Files built by Me/Computer
   Organization Lab/Lab7_2.0/ipcore_dir/tmp/_cg/InstRom.v" into library work
INFO:ProjectMgmt - Parsing design hierarchy completed successfully.
Adding D:/Files built by Me/Computer Organization
Lab/Lab7_2.0/ipcore_dir/tmp/_cg/InstRom.veo -view all -origin_type imported
INFO:TclTasksC:2116 - The automatic calculation of top has been turned-off.
   Please set the new top explicitly by running the "project set top" command.
   To re-calculate the new top automatically, set the "Auto Implementation Top"
   property to true.
Top level has been set to "/InstRom"
Generating README file...
Generating FLIST file...
INFO:sim:948 - Finished FLIST file generation.
Launching README viewer...
Moving files to output directory...
Finished moving files to output directory
Wrote CGP file for project 'InstRom'.
