Exception at PC 0x00007FF94CE33FB8
Exception at PC 0x00007FF94CE33FB8
Unable to capture context for thread 11032 in process 17764, can not generate back trace
Exception at PC 0x00007FF8C587BB93
Printing stacktrace...

Unable to capture context for thread 11032 in process 17764, can not generate back trace
Exception at PC 0x00007FF94CE33FB8
Exception at PC 0x00007FF94CE33FB8
Exception at PC 0x00007FF94CE33FB8
Exception at PC 0x00007FF94CE33FB8
Exception at PC 0x00007FF94CE33FB8
Exception at PC 0x00007FF94CE33FB8
Exception at PC 0x00007FF94CE33FB8
Exception at PC 0x00007FF94CE33FB8
Exception at PC 0x00007FF94CE33FB8
Exception at PC 0x00007FF94CE33FB8
Exception at PC 0x00007FF94CE33FB8
Exception at PC 0x00007FF94CE33FB8
Exception at PC 0x00007FF94CE33FB8
Exception at PC 0x00007FF94CE33FB8
Exception at PC 0x00007FF94CE33FB8
[0]  [0x00007FF8C587BB93]
[1]  [0x00007FF8C587BB93]
[2]  [0x00007FF8C587B4A1]
[3]  [0x00007FF8C587B3EF]
[4]  [0x00007FF8C58619FE]
[5]  [0x00007FF8C5860ED1]
[6]  [0x00007FF8C5860D76]
[7]  [0x00007FF8C58079F6]
[8]  [0x00007FF8C57F7AFB]
[9]  [0x00007FF8C591E90A]
[10]  [0x00007FF8C5939F87]
[11]  [0x00007FF8C593A05F]
[12] (BaseThreadInitThunk+0x14) [0x00007FF94EED1FE4]
[13] (RtlUserThreadStart+0x21) [0x00007FF9508EEF91]
Done
