Exception at PC 0x00007FFBE0109E08
Exception at PC 0x00007FFBE0109E08
Unable to capture context for thread 6936 in process 15296, can not generate back trace
Unable to capture context for thread 980 in process 15296, can not generate back trace
Unable to capture context for thread 9704 in process 15296, can not generate back trace
Exception at PC 0x00007FFBE0109E08
Unable to capture context for thread 9704 in process 15296, can not generate back trace
Exception at PC 0x00007FFB58C0BB93
Printing stacktrace...

Exception at PC 0x00007FFBE0109E08
Exception at PC 0x00007FFBE0109E08
Exception at PC 0x00007FFBE0109E08
Exception at PC 0x00007FFBE0109E08
Exception at PC 0x00007FFBE0109E08
Exception at PC 0x00007FFBE0109E08
Exception at PC 0x00007FFBE0109E08
Exception at PC 0x00007FFBE0109E08
Exception at PC 0x00007FFBE0109E08
Exception at PC 0x00007FFBE0109E08
Exception at PC 0x00007FFBE0109E08
Exception at PC 0x00007FFBE0109E08
Exception at PC 0x00007FFBE0109E08
Exception at PC 0x00007FFBE0109E08
[0]  [0x00007FFB58C0BB93]
[1]  [0x00007FFB58C0BB93]
[2]  [0x00007FFB58C0B4A1]
[3]  [0x00007FFB58C0B3EF]
[4]  [0x00007FFB58BF19FE]
[5]  [0x00007FFB58BF0ED1]
[6]  [0x00007FFB58BF0D76]
[7]  [0x00007FFB58B979F6]
[8]  [0x00007FFB58B87AFB]
[9]  [0x00007FFB58CAE90A]
[10]  [0x00007FFB58CC9F87]
[11]  [0x00007FFB58CCA05F]
[12] (BaseThreadInitThunk+0x14) [0x00007FFBE2E32774]
[13] (RtlUserThreadStart+0x21) [0x00007FFBE3300D51]
Done
