Copyright 1986-2016 Xilinx, Inc. All Rights Reserved.
-------------------------------------------------------------------------------------------------------------------------------------------
| Tool Version     : Vivado v.2016.4 (win64) Build 1756540 Mon Jan 23 19:11:23 MST 2017
| Date             : Thu Jun 07 19:34:25 2018
| Host             : LAPTOP-MKE09LNG running 64-bit major release  (build 9200)
| Command          : report_power -file cpu_top_power_routed.rpt -pb cpu_top_power_summary_routed.pb -rpx cpu_top_power_routed.rpx
| Design           : cpu_top
| Device           : xc7a75tcsg324-1
| Design State     : routed
| Grade            : commercial
| Process          : typical
| Characterization : Production
-------------------------------------------------------------------------------------------------------------------------------------------

Power Report

Table of Contents
-----------------
1. Summary
1.1 On-Chip Components
1.2 Power Supply Summary
1.3 Confidence Level
2. Settings
2.1 Environment
2.2 Clock Constraints
3. Detailed Reports
3.1 By Hierarchy

1. Summary
----------

+--------------------------+----------------------------------+
| Total On-Chip Power (W)  | 13.661 (Junction temp exceeded!) |
| Dynamic (W)              | 13.372                           |
| Device Static (W)        | 0.289                            |
| Effective TJA (C/W)      | 4.6                              |
| Max Ambient (C)          | 22.7                             |
| Junction Temperature (C) | 87.3                             |
| Confidence Level         | Low                              |
| Setting File             | ---                              |
| Simulation Activity File | ---                              |
| Design Nets Matched      | NA                               |
+--------------------------+----------------------------------+


1.1 On-Chip Components
----------------------

+--------------------------+-----------+----------+-----------+-----------------+
| On-Chip                  | Power (W) | Used     | Available | Utilization (%) |
+--------------------------+-----------+----------+-----------+-----------------+
| Slice Logic              |     6.428 |     3210 |       --- |             --- |
|   LUT as Logic           |     6.289 |     1489 |     47200 |            3.15 |
|   Register               |     0.070 |      865 |     94400 |            0.92 |
|   CARRY4                 |     0.053 |       44 |     15850 |            0.28 |
|   F7/F8 Muxes            |     0.009 |      373 |     63400 |            0.59 |
|   BUFG                   |     0.006 |        4 |        32 |           12.50 |
|   LUT as Distributed RAM |    <0.001 |      256 |     19000 |            1.35 |
|   Others                 |     0.000 |       12 |       --- |             --- |
| Signals                  |     6.908 |     2347 |       --- |             --- |
| I/O                      |     0.036 |       21 |       210 |           10.00 |
| Static Power             |     0.289 |          |           |                 |
| Total                    |    13.661 |          |           |                 |
+--------------------------+-----------+----------+-----------+-----------------+


1.2 Power Supply Summary
------------------------

+-----------+-------------+-----------+-------------+------------+
| Source    | Voltage (V) | Total (A) | Dynamic (A) | Static (A) |
+-----------+-------------+-----------+-------------+------------+
| Vccint    |       1.000 |    13.539 |      13.372 |      0.167 |
| Vccaux    |       1.800 |     0.038 |       0.000 |      0.038 |
| Vcco33    |       3.300 |     0.004 |       0.000 |      0.004 |
| Vcco25    |       2.500 |     0.000 |       0.000 |      0.000 |
| Vcco18    |       1.800 |     0.000 |       0.000 |      0.000 |
| Vcco15    |       1.500 |     0.000 |       0.000 |      0.000 |
| Vcco135   |       1.350 |     0.000 |       0.000 |      0.000 |
| Vcco12    |       1.200 |     0.000 |       0.000 |      0.000 |
| Vccaux_io |       1.800 |     0.000 |       0.000 |      0.000 |
| Vccbram   |       1.000 |     0.004 |       0.000 |      0.004 |
| MGTAVcc   |       1.000 |     0.000 |       0.000 |      0.000 |
| MGTAVtt   |       1.200 |     0.000 |       0.000 |      0.000 |
| Vccadc    |       1.800 |     0.020 |       0.000 |      0.020 |
+-----------+-------------+-----------+-------------+------------+


1.3 Confidence Level
--------------------

+-----------------------------+------------+--------------------------------------------------------+--------------------------------------------------------------------------------------------------------------------+
| User Input Data             | Confidence | Details                                                | Action                                                                                                             |
+-----------------------------+------------+--------------------------------------------------------+--------------------------------------------------------------------------------------------------------------------+
| Design implementation state | High       | Design is routed                                       |                                                                                                                    |
| Clock nodes activity        | Low        | User specified less than 75% of clocks                 | Provide missing clock activity with a constraint file, simulation results or by editing the "By Clock Domain" view |
| I/O nodes activity          | Low        | More than 75% of inputs are missing user specification | Provide missing input activity with simulation results or by editing the "By Resource Type -> I/Os" view           |
| Internal nodes activity     | Medium     | User specified less than 25% of internal nodes         | Provide missing internal nodes activity with simulation results or by editing the "By Resource Type" views         |
| Device models               | High       | Device models are Production                           |                                                                                                                    |
|                             |            |                                                        |                                                                                                                    |
| Overall confidence level    | Low        |                                                        |                                                                                                                    |
+-----------------------------+------------+--------------------------------------------------------+--------------------------------------------------------------------------------------------------------------------+


2. Settings
-----------

2.1 Environment
---------------

+-----------------------+--------------------------+
| Ambient Temp (C)      | 25.0                     |
| ThetaJA (C/W)         | 4.6                      |
| Airflow (LFM)         | 250                      |
| Heat Sink             | medium (Medium Profile)  |
| ThetaSA (C/W)         | 4.6                      |
| Board Selection       | medium (10"x10")         |
| # of Board Layers     | 12to15 (12 to 15 Layers) |
| Board Temperature (C) | 25.0                     |
+-----------------------+--------------------------+


2.2 Clock Constraints
---------------------

+-------+--------+-----------------+
| Clock | Domain | Constraint (ns) |
+-------+--------+-----------------+


3. Detailed Reports
-------------------

3.1 By Hierarchy
----------------

+-----------------------------------+-----------+
| Name                              | Power (W) |
+-----------------------------------+-----------+
| cpu_top                           |    13.372 |
|   u_InstRom                       |     0.868 |
|     U0                            |     0.868 |
|       synth_options.dist_mem_inst |     0.868 |
|         gen_rom.rom_inst          |     0.868 |
|   u_RAM                           |     0.014 |
|     U0                            |     0.014 |
|       synth_options.dist_mem_inst |     0.014 |
|         gen_dp_ram.dpram_inst     |     0.014 |
|           ram_reg_0_127_0_0       |    <0.001 |
|           ram_reg_0_127_10_10     |    <0.001 |
|           ram_reg_0_127_11_11     |    <0.001 |
|           ram_reg_0_127_12_12     |    <0.001 |
|           ram_reg_0_127_13_13     |    <0.001 |
|           ram_reg_0_127_14_14     |    <0.001 |
|           ram_reg_0_127_15_15     |    <0.001 |
|           ram_reg_0_127_16_16     |    <0.001 |
|           ram_reg_0_127_17_17     |    <0.001 |
|           ram_reg_0_127_18_18     |    <0.001 |
|           ram_reg_0_127_19_19     |    <0.001 |
|           ram_reg_0_127_1_1       |    <0.001 |
|           ram_reg_0_127_20_20     |    <0.001 |
|           ram_reg_0_127_21_21     |    <0.001 |
|           ram_reg_0_127_22_22     |    <0.001 |
|           ram_reg_0_127_23_23     |    <0.001 |
|           ram_reg_0_127_24_24     |    <0.001 |
|           ram_reg_0_127_25_25     |    <0.001 |
|           ram_reg_0_127_26_26     |    <0.001 |
|           ram_reg_0_127_27_27     |    <0.001 |
|           ram_reg_0_127_28_28     |    <0.001 |
|           ram_reg_0_127_29_29     |    <0.001 |
|           ram_reg_0_127_2_2       |    <0.001 |
|           ram_reg_0_127_30_30     |    <0.001 |
|           ram_reg_0_127_31_31     |    <0.001 |
|           ram_reg_0_127_3_3       |    <0.001 |
|           ram_reg_0_127_4_4       |    <0.001 |
|           ram_reg_0_127_5_5       |    <0.001 |
|           ram_reg_0_127_6_6       |    <0.001 |
|           ram_reg_0_127_7_7       |    <0.001 |
|           ram_reg_0_127_8_8       |    <0.001 |
|           ram_reg_0_127_9_9       |    <0.001 |
|           ram_reg_128_255_0_0     |    <0.001 |
|           ram_reg_128_255_10_10   |    <0.001 |
|           ram_reg_128_255_11_11   |    <0.001 |
|           ram_reg_128_255_12_12   |    <0.001 |
|           ram_reg_128_255_13_13   |    <0.001 |
|           ram_reg_128_255_14_14   |    <0.001 |
|           ram_reg_128_255_15_15   |    <0.001 |
|           ram_reg_128_255_16_16   |    <0.001 |
|           ram_reg_128_255_17_17   |    <0.001 |
|           ram_reg_128_255_18_18   |    <0.001 |
|           ram_reg_128_255_19_19   |    <0.001 |
|           ram_reg_128_255_1_1     |    <0.001 |
|           ram_reg_128_255_20_20   |    <0.001 |
|           ram_reg_128_255_21_21   |    <0.001 |
|           ram_reg_128_255_22_22   |    <0.001 |
|           ram_reg_128_255_23_23   |    <0.001 |
|           ram_reg_128_255_24_24   |    <0.001 |
|           ram_reg_128_255_25_25   |    <0.001 |
|           ram_reg_128_255_26_26   |    <0.001 |
|           ram_reg_128_255_27_27   |    <0.001 |
|           ram_reg_128_255_28_28   |    <0.001 |
|           ram_reg_128_255_29_29   |    <0.001 |
|           ram_reg_128_255_2_2     |    <0.001 |
|           ram_reg_128_255_30_30   |    <0.001 |
|           ram_reg_128_255_31_31   |    <0.001 |
|           ram_reg_128_255_3_3     |    <0.001 |
|           ram_reg_128_255_4_4     |    <0.001 |
|           ram_reg_128_255_5_5     |    <0.001 |
|           ram_reg_128_255_6_6     |    <0.001 |
|           ram_reg_128_255_7_7     |    <0.001 |
|           ram_reg_128_255_8_8     |    <0.001 |
|           ram_reg_128_255_9_9     |    <0.001 |
|   u_ex_mem                        |     0.297 |
|   u_id                            |     0.004 |
|   u_id_ex                         |     3.148 |
|   u_if_id                         |     6.398 |
|   u_mem                           |    <0.001 |
|   u_mem_wb                        |     0.422 |
|   u_pc                            |     0.385 |
|   u_regfile                       |     0.986 |
|   u_seg                           |     0.198 |
+-----------------------------------+-----------+


