
*** Running vivado
    with args -log dist_mem_gen_2.vds -m64 -product Vivado -mode batch -messageDb vivado.pb -notrace -source dist_mem_gen_2.tcl


****** Vivado v2016.4 (64-bit)
  **** SW Build 1756540 on Mon Jan 23 19:11:23 MST 2017
  **** IP Build 1755317 on Mon Jan 23 20:30:07 MST 2017
    ** Copyright 1986-2016 Xilinx, Inc. All Rights Reserved.

source dist_mem_gen_2.tcl -notrace
Starting RTL Elaboration : Time (s): cpu = 00:00:06 ; elapsed = 00:00:07 . Memory (MB): peak = 289.742 ; gain = 79.398
INFO: [Synth 8-638] synthesizing module 'dist_mem_gen_2' [c:/Users/19079/lab05/lab05.srcs/sources_1/ip/dist_mem_gen_2/synth/dist_mem_gen_2.vhd:70]
INFO: [Synth 8-256] done synthesizing module 'dist_mem_gen_2' (4#1) [c:/Users/19079/lab05/lab05.srcs/sources_1/ip/dist_mem_gen_2/synth/dist_mem_gen_2.vhd:70]
Finished RTL Elaboration : Time (s): cpu = 00:01:34 ; elapsed = 00:01:36 . Memory (MB): peak = 651.859 ; gain = 441.516
Finished RTL Optimization Phase 1 : Time (s): cpu = 00:01:34 ; elapsed = 00:01:36 . Memory (MB): peak = 651.859 ; gain = 441.516
INFO: [Device 21-403] Loading part xc7a75tcsg324-1
Constraint Validation Runtime : Time (s): cpu = 00:00:00 ; elapsed = 00:00:00.032 . Memory (MB): peak = 694.820 ; gain = 0.000
Finished Constraint Validation : Time (s): cpu = 00:01:44 ; elapsed = 00:01:46 . Memory (MB): peak = 694.820 ; gain = 484.477
Finished Loading Part and Timing Information : Time (s): cpu = 00:01:44 ; elapsed = 00:01:46 . Memory (MB): peak = 694.820 ; gain = 484.477
Finished applying 'set_property' XDC Constraints : Time (s): cpu = 00:01:44 ; elapsed = 00:01:46 . Memory (MB): peak = 694.820 ; gain = 484.477
Finished RTL Optimization Phase 2 : Time (s): cpu = 00:01:44 ; elapsed = 00:01:46 . Memory (MB): peak = 694.820 ; gain = 484.477
Finished Cross Boundary and Area Optimization : Time (s): cpu = 00:02:19 ; elapsed = 00:02:22 . Memory (MB): peak = 832.152 ; gain = 621.809
---------------------------------------------------------------------------------
Start ROM, RAM, DSP and Shift Register Reporting
---------------------------------------------------------------------------------

Distributed RAM: Preliminary Mapping  Report (see note below)
+---------------------+-------------------------------------------------------------+----------------+----------------------+-----------------------------------+
|Module Name          | RTL Object                                                  | Inference      | Size (Depth x Width) | Primitives                        | 
+---------------------+-------------------------------------------------------------+----------------+----------------------+-----------------------------------+
|dist_mem_gen_v8_0_11 | synth_options.dist_mem_inst/gen_sdp_ram.sdpram_inst/ram_reg | User Attribute | 64 K x 32            | RAM64X1D x 2048  RAM64M x 10240   | 
+---------------------+-------------------------------------------------------------+----------------+----------------------+-----------------------------------+

Note: The table above is a preliminary report that shows the Distributed RAMs at the current stage of the synthesis flow. Some Distributed RAMs may be reimplemented as non Distributed RAM primitives later in the synthesis flow. Multiple instantiated RAMs are reported only once.
---------------------------------------------------------------------------------
Finished ROM, RAM, DSP and Shift Register Reporting
---------------------------------------------------------------------------------
Finished Applying XDC Timing Constraints : Time (s): cpu = 00:02:31 ; elapsed = 00:02:34 . Memory (MB): peak = 832.152 ; gain = 621.809
Finished Timing Optimization : Time (s): cpu = 00:02:40 ; elapsed = 00:02:42 . Memory (MB): peak = 933.512 ; gain = 723.168
Finished Technology Mapping : Time (s): cpu = 00:02:57 ; elapsed = 00:03:01 . Memory (MB): peak = 1406.645 ; gain = 1196.301
Finished IO Insertion : Time (s): cpu = 00:03:03 ; elapsed = 00:03:07 . Memory (MB): peak = 1406.645 ; gain = 1196.301
Finished Renaming Generated Instances : Time (s): cpu = 00:03:04 ; elapsed = 00:03:07 . Memory (MB): peak = 1406.645 ; gain = 1196.301
Finished Rebuilding User Hierarchy : Time (s): cpu = 00:03:07 ; elapsed = 00:03:10 . Memory (MB): peak = 1406.645 ; gain = 1196.301
Finished Renaming Generated Ports : Time (s): cpu = 00:03:07 ; elapsed = 00:03:10 . Memory (MB): peak = 1406.645 ; gain = 1196.301
Finished Handling Custom Attributes : Time (s): cpu = 00:04:00 ; elapsed = 00:04:04 . Memory (MB): peak = 1406.645 ; gain = 1196.301
Finished Renaming Generated Nets : Time (s): cpu = 00:04:00 ; elapsed = 00:04:04 . Memory (MB): peak = 1406.645 ; gain = 1196.301

Report Cell Usage: 
+------+---------+------+
|      |Cell     |Count |
+------+---------+------+
|1     |LUT2     |   133|
|2     |LUT3     |   178|
|3     |LUT4     | 12444|
|4     |LUT5     |  4800|
|5     |LUT6     | 16218|
|6     |MUXF7    |  4352|
|7     |MUXF8    |  2176|
|8     |RAM64M   | 10240|
|9     |RAM64X1D |  2048|
|10    |FDRE     |    32|
+------+---------+------+
Finished Writing Synthesis Report : Time (s): cpu = 00:04:00 ; elapsed = 00:04:04 . Memory (MB): peak = 1406.645 ; gain = 1196.301
synth_design: Time (s): cpu = 00:04:32 ; elapsed = 00:04:35 . Memory (MB): peak = 1406.645 ; gain = 1192.703
write_checkpoint: Time (s): cpu = 00:00:15 ; elapsed = 00:00:13 . Memory (MB): peak = 1406.645 ; gain = 0.000
write_vhdl: Time (s): cpu = 00:00:07 ; elapsed = 00:00:06 . Memory (MB): peak = 1406.645 ; gain = 0.000
