
*** Running vivado
    with args -log dist_mem_gen_0.vds -m64 -product Vivado -mode batch -messageDb vivado.pb -notrace -source dist_mem_gen_0.tcl


****** Vivado v2016.4 (64-bit)
  **** SW Build 1756540 on Mon Jan 23 19:11:23 MST 2017
  **** IP Build 1755317 on Mon Jan 23 20:30:07 MST 2017
    ** Copyright 1986-2016 Xilinx, Inc. All Rights Reserved.

source dist_mem_gen_0.tcl -notrace
Starting RTL Elaboration : Time (s): cpu = 00:00:06 ; elapsed = 00:00:07 . Memory (MB): peak = 289.793 ; gain = 79.141
INFO: [Synth 8-638] synthesizing module 'dist_mem_gen_0' [c:/Users/19079/lab05/lab05.srcs/sources_1/ip/dist_mem_gen_0_2/synth/dist_mem_gen_0.vhd:69]
INFO: [Synth 8-256] done synthesizing module 'dist_mem_gen_0' (4#1) [c:/Users/19079/lab05/lab05.srcs/sources_1/ip/dist_mem_gen_0_2/synth/dist_mem_gen_0.vhd:69]
Finished RTL Elaboration : Time (s): cpu = 00:00:07 ; elapsed = 00:00:08 . Memory (MB): peak = 327.961 ; gain = 117.309
Finished RTL Optimization Phase 1 : Time (s): cpu = 00:00:07 ; elapsed = 00:00:08 . Memory (MB): peak = 327.961 ; gain = 117.309
INFO: [Device 21-403] Loading part xc7a75tcsg324-1
Constraint Validation Runtime : Time (s): cpu = 00:00:00 ; elapsed = 00:00:00.016 . Memory (MB): peak = 618.570 ; gain = 0.000
Finished Constraint Validation : Time (s): cpu = 00:00:15 ; elapsed = 00:00:17 . Memory (MB): peak = 618.570 ; gain = 407.918
Finished Loading Part and Timing Information : Time (s): cpu = 00:00:15 ; elapsed = 00:00:17 . Memory (MB): peak = 618.570 ; gain = 407.918
Finished applying 'set_property' XDC Constraints : Time (s): cpu = 00:00:15 ; elapsed = 00:00:17 . Memory (MB): peak = 618.570 ; gain = 407.918
Finished RTL Optimization Phase 2 : Time (s): cpu = 00:00:15 ; elapsed = 00:00:17 . Memory (MB): peak = 618.570 ; gain = 407.918
Finished Cross Boundary and Area Optimization : Time (s): cpu = 00:00:16 ; elapsed = 00:00:17 . Memory (MB): peak = 618.570 ; gain = 407.918
---------------------------------------------------------------------------------
Start ROM, RAM, DSP and Shift Register Reporting
---------------------------------------------------------------------------------

Distributed RAM: Preliminary Mapping  Report (see note below)
+---------------------+-----------------------------------------------------------+----------------+----------------------+------------------+
|Module Name          | RTL Object                                                | Inference      | Size (Depth x Width) | Primitives       | 
+---------------------+-----------------------------------------------------------+----------------+----------------------+------------------+
|dist_mem_gen_v8_0_11 | synth_options.dist_mem_inst/gen_sp_ram.spram_inst/ram_reg | User Attribute | 256 x 32             | RAM256X1S x 32   | 
+---------------------+-----------------------------------------------------------+----------------+----------------------+------------------+

Note: The table above is a preliminary report that shows the Distributed RAMs at the current stage of the synthesis flow. Some Distributed RAMs may be reimplemented as non Distributed RAM primitives later in the synthesis flow. Multiple instantiated RAMs are reported only once.
---------------------------------------------------------------------------------
Finished ROM, RAM, DSP and Shift Register Reporting
---------------------------------------------------------------------------------
Finished Applying XDC Timing Constraints : Time (s): cpu = 00:00:25 ; elapsed = 00:00:27 . Memory (MB): peak = 618.570 ; gain = 407.918
Finished Timing Optimization : Time (s): cpu = 00:00:25 ; elapsed = 00:00:27 . Memory (MB): peak = 618.570 ; gain = 407.918
Finished Technology Mapping : Time (s): cpu = 00:00:25 ; elapsed = 00:00:27 . Memory (MB): peak = 618.570 ; gain = 407.918
Finished IO Insertion : Time (s): cpu = 00:00:25 ; elapsed = 00:00:27 . Memory (MB): peak = 618.570 ; gain = 407.918
Finished Renaming Generated Instances : Time (s): cpu = 00:00:25 ; elapsed = 00:00:27 . Memory (MB): peak = 618.570 ; gain = 407.918
Finished Rebuilding User Hierarchy : Time (s): cpu = 00:00:25 ; elapsed = 00:00:27 . Memory (MB): peak = 618.570 ; gain = 407.918
Finished Renaming Generated Ports : Time (s): cpu = 00:00:25 ; elapsed = 00:00:27 . Memory (MB): peak = 618.570 ; gain = 407.918
Finished Handling Custom Attributes : Time (s): cpu = 00:00:25 ; elapsed = 00:00:27 . Memory (MB): peak = 618.570 ; gain = 407.918
Finished Renaming Generated Nets : Time (s): cpu = 00:00:25 ; elapsed = 00:00:27 . Memory (MB): peak = 618.570 ; gain = 407.918

Report Cell Usage: 
+------+----------+------+
|      |Cell      |Count |
+------+----------+------+
|1     |RAM256X1S |    32|
|2     |FDRE      |    32|
+------+----------+------+
Finished Writing Synthesis Report : Time (s): cpu = 00:00:25 ; elapsed = 00:00:27 . Memory (MB): peak = 618.570 ; gain = 407.918
synth_design: Time (s): cpu = 00:00:25 ; elapsed = 00:00:26 . Memory (MB): peak = 618.570 ; gain = 404.484
