
*** Running vivado
    with args -log dist_mem_gen_1.vds -m64 -product Vivado -mode batch -messageDb vivado.pb -notrace -source dist_mem_gen_1.tcl


****** Vivado v2016.4 (64-bit)
  **** SW Build 1756540 on Mon Jan 23 19:11:23 MST 2017
  **** IP Build 1755317 on Mon Jan 23 20:30:07 MST 2017
    ** Copyright 1986-2016 Xilinx, Inc. All Rights Reserved.

source dist_mem_gen_1.tcl -notrace
Starting RTL Elaboration : Time (s): cpu = 00:00:07 ; elapsed = 00:00:08 . Memory (MB): peak = 290.316 ; gain = 80.258
INFO: [Synth 8-638] synthesizing module 'dist_mem_gen_1' [c:/Users/19079/Desktop/CODLab7/Lab7_2.0/pipeline/pipeline.srcs/sources_1/ip/dist_mem_gen_1/synth/dist_mem_gen_1.vhd:71]
INFO: [Synth 8-256] done synthesizing module 'dist_mem_gen_1' (4#1) [c:/Users/19079/Desktop/CODLab7/Lab7_2.0/pipeline/pipeline.srcs/sources_1/ip/dist_mem_gen_1/synth/dist_mem_gen_1.vhd:71]
Finished RTL Elaboration : Time (s): cpu = 00:00:09 ; elapsed = 00:00:10 . Memory (MB): peak = 328.320 ; gain = 118.262
Finished RTL Optimization Phase 1 : Time (s): cpu = 00:00:09 ; elapsed = 00:00:10 . Memory (MB): peak = 328.320 ; gain = 118.262
INFO: [Device 21-403] Loading part xc7a50tcsg324-1
Constraint Validation Runtime : Time (s): cpu = 00:00:00 ; elapsed = 00:00:00.015 . Memory (MB): peak = 617.074 ; gain = 0.000
Finished Constraint Validation : Time (s): cpu = 00:00:17 ; elapsed = 00:00:19 . Memory (MB): peak = 617.074 ; gain = 407.016
Finished Loading Part and Timing Information : Time (s): cpu = 00:00:17 ; elapsed = 00:00:19 . Memory (MB): peak = 617.074 ; gain = 407.016
Finished applying 'set_property' XDC Constraints : Time (s): cpu = 00:00:17 ; elapsed = 00:00:19 . Memory (MB): peak = 617.074 ; gain = 407.016
Finished RTL Optimization Phase 2 : Time (s): cpu = 00:00:17 ; elapsed = 00:00:19 . Memory (MB): peak = 617.074 ; gain = 407.016
Finished Cross Boundary and Area Optimization : Time (s): cpu = 00:00:18 ; elapsed = 00:00:20 . Memory (MB): peak = 617.074 ; gain = 407.016
---------------------------------------------------------------------------------
Start ROM, RAM, DSP and Shift Register Reporting
---------------------------------------------------------------------------------

Distributed RAM: Preliminary Mapping  Report (see note below)
+---------------------+-----------------------------------------------------------+----------------+----------------------+------------------+
|Module Name          | RTL Object                                                | Inference      | Size (Depth x Width) | Primitives       | 
+---------------------+-----------------------------------------------------------+----------------+----------------------+------------------+
|dist_mem_gen_v8_0_11 | synth_options.dist_mem_inst/gen_dp_ram.dpram_inst/ram_reg | User Attribute | 256 x 32             | RAM128X1D x 64   | 
+---------------------+-----------------------------------------------------------+----------------+----------------------+------------------+

Note: The table above is a preliminary report that shows the Distributed RAMs at the current stage of the synthesis flow. Some Distributed RAMs may be reimplemented as non Distributed RAM primitives later in the synthesis flow. Multiple instantiated RAMs are reported only once.
---------------------------------------------------------------------------------
Finished ROM, RAM, DSP and Shift Register Reporting
---------------------------------------------------------------------------------
Finished Applying XDC Timing Constraints : Time (s): cpu = 00:00:28 ; elapsed = 00:00:30 . Memory (MB): peak = 617.074 ; gain = 407.016
Finished Timing Optimization : Time (s): cpu = 00:00:28 ; elapsed = 00:00:31 . Memory (MB): peak = 617.074 ; gain = 407.016
Finished Technology Mapping : Time (s): cpu = 00:00:29 ; elapsed = 00:00:31 . Memory (MB): peak = 617.074 ; gain = 407.016
Finished IO Insertion : Time (s): cpu = 00:00:29 ; elapsed = 00:00:32 . Memory (MB): peak = 617.074 ; gain = 407.016
Finished Renaming Generated Instances : Time (s): cpu = 00:00:29 ; elapsed = 00:00:32 . Memory (MB): peak = 617.074 ; gain = 407.016
Finished Rebuilding User Hierarchy : Time (s): cpu = 00:00:29 ; elapsed = 00:00:32 . Memory (MB): peak = 617.074 ; gain = 407.016
Finished Renaming Generated Ports : Time (s): cpu = 00:00:29 ; elapsed = 00:00:32 . Memory (MB): peak = 617.074 ; gain = 407.016
Finished Handling Custom Attributes : Time (s): cpu = 00:00:30 ; elapsed = 00:00:32 . Memory (MB): peak = 617.074 ; gain = 407.016
Finished Renaming Generated Nets : Time (s): cpu = 00:00:30 ; elapsed = 00:00:32 . Memory (MB): peak = 617.074 ; gain = 407.016

Report Cell Usage: 
+------+----------+------+
|      |Cell      |Count |
+------+----------+------+
|1     |LUT2      |     2|
|2     |LUT3      |    64|
|3     |RAM128X1D |    64|
|4     |FDRE      |    64|
+------+----------+------+
Finished Writing Synthesis Report : Time (s): cpu = 00:00:30 ; elapsed = 00:00:32 . Memory (MB): peak = 617.074 ; gain = 407.016
synth_design: Time (s): cpu = 00:00:29 ; elapsed = 00:00:30 . Memory (MB): peak = 617.074 ; gain = 402.984
