
*** Running vivado
    with args -log blk_mem_gen_0.vds -m64 -product Vivado -mode batch -messageDb vivado.pb -notrace -source blk_mem_gen_0.tcl


****** Vivado v2016.4 (64-bit)
  **** SW Build 1756540 on Mon Jan 23 19:11:23 MST 2017
  **** IP Build 1755317 on Mon Jan 23 20:30:07 MST 2017
    ** Copyright 1986-2016 Xilinx, Inc. All Rights Reserved.

source blk_mem_gen_0.tcl -notrace
Starting RTL Elaboration : Time (s): cpu = 00:00:08 ; elapsed = 00:00:11 . Memory (MB): peak = 291.816 ; gain = 81.613
INFO: [Synth 8-638] synthesizing module 'blk_mem_gen_0' [c:/Users/19079/lab04/lab04.srcs/sources_1/ip/blk_mem_gen_0/synth/blk_mem_gen_0.vhd:73]
INFO: [Synth 8-256] done synthesizing module 'blk_mem_gen_0' (9#1) [c:/Users/19079/lab04/lab04.srcs/sources_1/ip/blk_mem_gen_0/synth/blk_mem_gen_0.vhd:73]
Finished RTL Elaboration : Time (s): cpu = 00:00:58 ; elapsed = 00:01:04 . Memory (MB): peak = 490.250 ; gain = 280.047
Finished RTL Optimization Phase 1 : Time (s): cpu = 00:00:58 ; elapsed = 00:01:04 . Memory (MB): peak = 490.250 ; gain = 280.047
INFO: [Device 21-403] Loading part xc7a75tcsg324-1
Constraint Validation Runtime : Time (s): cpu = 00:00:00 ; elapsed = 00:00:00.312 . Memory (MB): peak = 560.090 ; gain = 0.000
Finished Constraint Validation : Time (s): cpu = 00:01:08 ; elapsed = 00:01:16 . Memory (MB): peak = 560.090 ; gain = 349.887
Finished Loading Part and Timing Information : Time (s): cpu = 00:01:08 ; elapsed = 00:01:16 . Memory (MB): peak = 560.090 ; gain = 349.887
Finished applying 'set_property' XDC Constraints : Time (s): cpu = 00:01:08 ; elapsed = 00:01:17 . Memory (MB): peak = 560.090 ; gain = 349.887
Finished RTL Optimization Phase 2 : Time (s): cpu = 00:01:08 ; elapsed = 00:01:17 . Memory (MB): peak = 560.090 ; gain = 349.887
Finished Cross Boundary and Area Optimization : Time (s): cpu = 00:01:09 ; elapsed = 00:01:17 . Memory (MB): peak = 560.090 ; gain = 349.887
Finished Applying XDC Timing Constraints : Time (s): cpu = 00:01:19 ; elapsed = 00:01:28 . Memory (MB): peak = 580.055 ; gain = 369.852
Finished Timing Optimization : Time (s): cpu = 00:01:20 ; elapsed = 00:01:28 . Memory (MB): peak = 580.996 ; gain = 370.793
Finished Technology Mapping : Time (s): cpu = 00:01:20 ; elapsed = 00:01:28 . Memory (MB): peak = 590.672 ; gain = 380.469
Finished IO Insertion : Time (s): cpu = 00:01:20 ; elapsed = 00:01:29 . Memory (MB): peak = 590.672 ; gain = 380.469
Finished Renaming Generated Instances : Time (s): cpu = 00:01:20 ; elapsed = 00:01:29 . Memory (MB): peak = 590.672 ; gain = 380.469
Finished Rebuilding User Hierarchy : Time (s): cpu = 00:01:20 ; elapsed = 00:01:29 . Memory (MB): peak = 590.672 ; gain = 380.469
Finished Renaming Generated Ports : Time (s): cpu = 00:01:20 ; elapsed = 00:01:29 . Memory (MB): peak = 590.672 ; gain = 380.469
Finished Handling Custom Attributes : Time (s): cpu = 00:01:20 ; elapsed = 00:01:29 . Memory (MB): peak = 590.672 ; gain = 380.469
Finished Renaming Generated Nets : Time (s): cpu = 00:01:20 ; elapsed = 00:01:29 . Memory (MB): peak = 590.672 ; gain = 380.469

Report Cell Usage: 
+------+---------+------+
|      |Cell     |Count |
+------+---------+------+
|1     |RAMB18E1 |     1|
+------+---------+------+
Finished Writing Synthesis Report : Time (s): cpu = 00:01:20 ; elapsed = 00:01:29 . Memory (MB): peak = 590.672 ; gain = 380.469
synth_design: Time (s): cpu = 00:01:20 ; elapsed = 00:01:28 . Memory (MB): peak = 621.328 ; gain = 407.043
