Unable to capture context for thread 13384 in process 1020, can not generate back trace
Exception at PC 0x00007FFCAD52BB93
Printing stacktrace...

Unable to capture context for thread 13384 in process 1020, can not generate back trace
Exception at PC 0x00007FFD2DF23FB8
Exception at PC 0x00007FFD2DF23FB8
Exception at PC 0x00007FFD2DF23FB8
Exception at PC 0x00007FFD2DF23FB8
Exception at PC 0x00007FFD2DF23FB8
Exception at PC 0x00007FFD2DF23FB8
Exception at PC 0x00007FFD2DF23FB8
Exception at PC 0x00007FFD2DF23FB8
Exception at PC 0x00007FFD2DF23FB8
Exception at PC 0x00007FFD2DF23FB8
Exception at PC 0x00007FFD2DF23FB8
Exception at PC 0x00007FFD2DF23FB8
Exception at PC 0x00007FFD2DF23FB8
Exception at PC 0x00007FFD2DF23FB8
Exception at PC 0x00007FFD2DF23FB8
Exception at PC 0x00007FFD2DF23FB8
Exception at PC 0x00007FFD2DF23FB8
[0]  [0x00007FFCAD52BB93]
[1]  [0x00007FFCAD52BB93]
[2]  [0x00007FFCAD52B4A1]
[3]  [0x00007FFCAD52B3EF]
[4]  [0x00007FFCAD5119FE]
[5]  [0x00007FFCAD510ED1]
[6]  [0x00007FFCAD510D76]
[7]  [0x00007FFCAD4B79F6]
[8]  [0x00007FFCAD4A7AFB]
[9]  [0x00007FFCAD5CE90A]
[10]  [0x00007FFCAD5E9F87]
[11]  [0x00007FFCAD5EA05F]
[12] (BaseThreadInitThunk+0x14) [0x00007FFD2FBF1FE4]
[13] (RtlUserThreadStart+0x21) [0x00007FFD313CEF91]
Done
